<?xml version="1.0" encoding="UTF-8"?>
<!-- Generated by org.testng.reporters.JUnitReportReporter -->
<testsuite hostname="DESKTOP-3IDCR5Q" failures="0" tests="1" name="tests.LoginPageTest2" time="88.744" errors="0" timestamp="2023-05-02T22:36:11 IST" skipped="0">
  <testcase classname="tests.LoginPageTest2" name="ValidateLogin" time="88.744"/>
  <system-out/>
</testsuite> <!-- tests.LoginPageTest2 -->
